{"numFailedTestSuites":0,"numFailedTests":0,"numPassedTestSuites":20,"numPassedTests":42,"numPendingTestSuites":1,"numPendingTests":3,"numRuntimeErrorTestSuites":0,"numTodoTests":0,"numTotalTestSuites":21,"numTotalTests":45,"openHandles":[],"snapshot":{"added":0,"didUpdate":true,"failure":false,"filesAdded":0,"filesRemoved":0,"filesRemovedList":[],"filesUnmatched":0,"filesUpdated":0,"matched":28,"total":28,"unchecked":0,"uncheckedKeysByFile":[],"unmatched":0,"updated":0},"startTime":1580728062144,"success":true,"testResults":[{"assertionResults":[{"ancestorTitles":["ContentSlotUnsafeHTML Component"],"failureMessages":[],"fullName":"ContentSlotUnsafeHTML Component should render correctly","location":null,"status":"passed","title":"should render correctly"},{"ancestorTitles":["ContentSlotUnsafeHTML Component"],"failureMessages":[],"fullName":"ContentSlotUnsafeHTML Component should render correclty without Wrapper","location":null,"status":"passed","title":"should render correclty without Wrapper"},{"ancestorTitles":["ContentSlotUnsafeHTML Component"],"failureMessages":[],"fullName":"ContentSlotUnsafeHTML Component should render correclty with Wrapper","location":null,"status":"passed","title":"should render correclty with Wrapper"}],"endTime":1580728065613,"message":"","name":"/D/Projects/xt-ecosystems/react/universal-r/app/lib/ContentSlotUnsafeHTML/tests/ContentSlotUnsafeHTML.test.js","startTime":1580728064693,"status":"passed","summary":""},{"assertionResults":[{"ancestorTitles":["Iframe"],"failureMessages":[],"fullName":"Iframe should render correctly","location":null,"status":"passed","title":"should render correctly"},{"ancestorTitles":["Iframe"],"failureMessages":[],"fullName":"Iframe should render additional props","location":null,"status":"passed","title":"should render additional props"},{"ancestorTitles":["Iframe"],"failureMessages":[],"fullName":"Iframe should take ContentHeight","location":null,"status":"passed","title":"should take ContentHeight"},{"ancestorTitles":["Iframe"],"failureMessages":[],"fullName":"Iframe should call onLoad Method","location":null,"status":"passed","title":"should call onLoad Method"}],"endTime":1580728065685,"message":"","name":"/D/Projects/xt-ecosystems/react/universal-r/app/components/atoms/Iframe/tests/Iframe.test.js","startTime":1580728064689,"status":"passed","summary":""},{"assertionResults":[{"ancestorTitles":["HeadTag Component"],"failureMessages":[],"fullName":"HeadTag Component should render correctly and match snapshot","location":null,"status":"passed","title":"should render correctly and match snapshot"},{"ancestorTitles":["HeadTag Component"],"failureMessages":[],"fullName":"HeadTag Component should render correctly when no props passed","location":null,"status":"passed","title":"should render correctly when no props passed"},{"ancestorTitles":["HeadTag Component"],"failureMessages":[],"fullName":"HeadTag Component should render tags for only the props that were passed","location":null,"status":"passed","title":"should render tags for only the props that were passed"},{"ancestorTitles":["HeadTag Component"],"failureMessages":[],"fullName":"HeadTag Component should render meta tags properly","location":null,"status":"passed","title":"should render meta tags properly"}],"endTime":1580728065762,"message":"","name":"/D/Projects/xt-ecosystems/react/universal-r/app/components/atoms/HeadTag/tests/HeadTag.test.js","startTime":1580728064779,"status":"passed","summary":""},{"assertionResults":[{"ancestorTitles":["ProgressCircle Component"],"failureMessages":[],"fullName":"ProgressCircle Component should match snapshot ","location":null,"status":"passed","title":"should match snapshot "},{"ancestorTitles":["ProgressCircle Component"],"failureMessages":[],"fullName":"ProgressCircle Component should match snapshot with vertical view ","location":null,"status":"passed","title":"should match snapshot with vertical view "}],"endTime":1580728066076,"message":"","name":"/D/Projects/xt-ecosystems/react/universal-r/app/components/molecules/NavBar/tests/NavBar.style.test.js","startTime":1580728064672,"status":"passed","summary":""},{"assertionResults":[{"ancestorTitles":["Utils"],"failureMessages":[],"fullName":"Utils should throw error if configurations are not set","location":null,"status":"passed","title":"should throw error if configurations are not set"},{"ancestorTitles":["Utils"],"failureMessages":[],"fullName":"Utils check if tracker is intialized","location":null,"status":"passed","title":"check if tracker is intialized"},{"ancestorTitles":["Utils"],"failureMessages":[],"fullName":"Utils check if configurations are set to tracker","location":null,"status":"passed","title":"check if configurations are set to tracker"},{"ancestorTitles":["Utils"],"failureMessages":[],"fullName":"Utils should throw error if configurations are not set to tracker","location":null,"status":"passed","title":"should throw error if configurations are not set to tracker"},{"ancestorTitles":["Utils"],"failureMessages":[],"fullName":"Utils trackActions()","location":null,"status":"passed","title":"trackActions()"},{"ancestorTitles":["Utils"],"failureMessages":[],"fullName":"Utils should throw error on trackActions() without type","location":null,"status":"passed","title":"should throw error on trackActions() without type"}],"endTime":1580728066208,"message":"","name":"/D/Projects/xt-ecosystems/react/universal-r/app/utils/analytics/tests/helpers.test.js","startTime":1580728065961,"status":"passed","summary":""},{"assertionResults":[{"ancestorTitles":["HomePage component"],"failureMessages":[],"fullName":"HomePage component should render correctly","location":null,"status":"passed","title":"should render correctly"}],"endTime":1580728066325,"message":"","name":"/D/Projects/xt-ecosystems/react/universal-r/app/containers/templates/HomePage/tests/HomePage.test.js","startTime":1580728064608,"status":"passed","summary":""},{"assertionResults":[{"ancestorTitles":["ErrorPage Component"],"failureMessages":[],"fullName":"ErrorPage Component should render correctly","location":null,"status":"passed","title":"should render correctly"}],"endTime":1580728066438,"message":"","name":"/D/Projects/xt-ecosystems/react/universal-r/app/components/templates/ErrorPage/tests/index.test.js","startTime":1580728064625,"status":"passed","summary":""},{"assertionResults":[{"ancestorTitles":["HomePage component"],"failureMessages":[],"fullName":"HomePage component should render correctly","location":null,"status":"passed","title":"should render correctly"}],"endTime":1580728066476,"message":"","name":"/D/Projects/xt-ecosystems/react/universal-r/app/components/templates/HomePage/tests/HomePage.test.js","startTime":1580728064692,"status":"passed","summary":""},{"assertionResults":[{"ancestorTitles":["<NavBar />"],"failureMessages":[],"fullName":"<NavBar /> should render correctly","location":null,"status":"passed","title":"should render correctly"},{"ancestorTitles":["<NavBar />"],"failureMessages":[],"fullName":"<NavBar /> should render correctly","location":null,"status":"passed","title":"should render correctly"}],"endTime":1580728066755,"message":"","name":"/D/Projects/xt-ecosystems/react/universal-r/app/components/molecules/NavBar/tests/NavBar.test.js","startTime":1580728066046,"status":"passed","summary":""},{"assertionResults":[{"ancestorTitles":["Spinner"],"failureMessages":[],"fullName":"Spinner should render correctly","location":null,"status":"passed","title":"should render correctly"}],"endTime":1580728066778,"message":"","name":"/D/Projects/xt-ecosystems/react/universal-r/app/components/atoms/Spinner/test/Spinner.style.test.js","startTime":1580728066454,"status":"passed","summary":""},{"assertionResults":[{"ancestorTitles":["Footer component"],"failureMessages":[],"fullName":"Footer component should render correctly","location":null,"status":"passed","title":"should render correctly"}],"endTime":1580728066838,"message":"","name":"/D/Projects/xt-ecosystems/react/universal-r/app/containers/organisms/Footer/tests/Footer.test.js","startTime":1580728066072,"status":"passed","summary":""},{"assertionResults":[{"ancestorTitles":["<TopBanner />"],"failureMessages":[],"fullName":"<TopBanner /> should render correctly","location":null,"status":"passed","title":"should render correctly"},{"ancestorTitles":["<TopBanner />"],"failureMessages":[],"fullName":"<TopBanner /> should render correctly without subtitle","location":null,"status":"passed","title":"should render correctly without subtitle"}],"endTime":1580728066958,"message":"","name":"/D/Projects/xt-ecosystems/react/universal-r/app/components/molecules/TopBanner/tests/TopBanner.test.js","startTime":1580728066593,"status":"passed","summary":""},{"assertionResults":[{"ancestorTitles":["Header component"],"failureMessages":[],"fullName":"Header component should render correctly","location":null,"status":"passed","title":"should render correctly"}],"endTime":1580728067190,"message":"","name":"/D/Projects/xt-ecosystems/react/universal-r/app/containers/organisms/Header/tests/Header.test.js","startTime":1580728066706,"status":"passed","summary":""},{"assertionResults":[{"ancestorTitles":["Spinner Component"],"failureMessages":[],"fullName":"Spinner Component should render correctly","location":null,"status":"passed","title":"should render correctly"},{"ancestorTitles":["Spinner Component"],"failureMessages":[],"fullName":"Spinner Component overlayEnabled is necessary to render child","location":null,"status":"passed","title":"overlayEnabled is necessary to render child"},{"ancestorTitles":["Spinner Component"],"failureMessages":[],"fullName":"Spinner Component should render renderDotSpinner","location":null,"status":"passed","title":"should render renderDotSpinner"}],"endTime":1580728067215,"message":"","name":"/D/Projects/xt-ecosystems/react/universal-r/app/components/atoms/Spinner/test/Spinner.test.js","startTime":1580728066835,"status":"passed","summary":""},{"assertionResults":[{"ancestorTitles":["Anchor Component"],"failureMessages":[],"fullName":"Anchor Component should render correctly and match snapshot","location":null,"status":"passed","title":"should render correctly and match snapshot"},{"ancestorTitles":["Anchor Component"],"failureMessages":[],"fullName":"Anchor Component should render with styles correctly and match snapshot","location":null,"status":"passed","title":"should render with styles correctly and match snapshot"}],"endTime":1580728067321,"message":"","name":"/D/Projects/xt-ecosystems/react/universal-r/app/components/atoms/Title/tests/Title.test.js","startTime":1580728066822,"status":"passed","summary":""},{"assertionResults":[{"ancestorTitles":["ProgressCircle Component"],"failureMessages":[],"fullName":"ProgressCircle Component should match snapshot ","location":null,"status":"passed","title":"should match snapshot "}],"endTime":1580728067481,"message":"","name":"/D/Projects/xt-ecosystems/react/universal-r/app/components/atoms/ProgressCircle/tests/ProgressCircle.style.test.js","startTime":1580728067158,"status":"passed","summary":""},{"assertionResults":[{"ancestorTitles":["ProgressCircle Component"],"failureMessages":[],"fullName":"ProgressCircle Component should match snapshot ","location":null,"status":"passed","title":"should match snapshot "}],"endTime":1580728067493,"message":"","name":"/D/Projects/xt-ecosystems/react/universal-r/app/components/atoms/ProgressCircle/tests/ProgressCircle.test.js","startTime":1580728067186,"status":"passed","summary":""},{"assertionResults":[{"ancestorTitles":["trackingOptions"],"failureMessages":[],"fullName":"trackingOptions tracker config when not in browser","location":null,"status":"passed","title":"tracker config when not in browser"},{"ancestorTitles":["trackingOptions"],"failureMessages":[],"fullName":"trackingOptions tracker config when in browser","location":null,"status":"passed","title":"tracker config when in browser"}],"endTime":1580728067579,"message":"","name":"/D/Projects/xt-ecosystems/react/universal-r/app/global/AnalyticsTracking/tests/trackerConfig.test.js","startTime":1580728067318,"status":"passed","summary":""},{"assertionResults":[{"ancestorTitles":["Tracker Middleware"],"failureMessages":[],"fullName":"Tracker Middleware trackingMiddleware","location":null,"status":"passed","title":"trackingMiddleware"}],"endTime":1580728067622,"message":"","name":"/D/Projects/xt-ecosystems/react/universal-r/app/utils/analytics/tests/middleware.test.js","startTime":1580728067421,"status":"passed","summary":""},{"assertionResults":[{"ancestorTitles":["initializeTrackerConfig"],"failureMessages":[],"fullName":"initializeTrackerConfig should execute initializeTrackerConfig","location":null,"status":"passed","title":"should execute initializeTrackerConfig"},{"ancestorTitles":["initializeTrackerConfig"],"failureMessages":[],"fullName":"initializeTrackerConfig should not set dataLayer in non browser mode","location":null,"status":"passed","title":"should not set dataLayer in non browser mode"},{"ancestorTitles":["initializeTrackerConfig"],"failureMessages":[],"fullName":"initializeTrackerConfig should set dataLayer in browser mode","location":null,"status":"passed","title":"should set dataLayer in browser mode"}],"endTime":1580728067735,"message":"","name":"/D/Projects/xt-ecosystems/react/universal-r/app/global/AnalyticsTracking/tests/AnalyticsTracking.test.js","startTime":1580728067542,"status":"passed","summary":""},{"assertionResults":[{"ancestorTitles":["Layout Component"],"failureMessages":[],"fullName":"Layout Component should render correctly","location":null,"status":"pending","title":"should render correctly"},{"ancestorTitles":["Layout Component"],"failureMessages":[],"fullName":"Layout Component should render when deviceType is Mobile","location":null,"status":"pending","title":"should render when deviceType is Mobile"},{"ancestorTitles":["Layout Component"],"failureMessages":[],"fullName":"Layout Component should render the styled component appropriately","location":null,"status":"pending","title":"should render the styled component appropriately"}],"endTime":1580728067887,"message":"","name":"/D/Projects/xt-ecosystems/react/universal-r/app/components/templates/Layout/tests/Layout.test.js","startTime":1580728067599,"status":"passed","summary":""}],"wasInterrupted":false,"coverageMap":{"/D/Projects/xt-ecosystems/react/universal-r/app/components/atoms/Iframe/Iframe.js":{"path":"/D/Projects/xt-ecosystems/react/universal-r/app/components/atoms/Iframe/Iframe.js","statementMap":{"0":{"start":{"line":24,"column":4},"end":{"line":24,"column":17}},"1":{"start":{"line":25,"column":4},"end":{"line":27,"column":6}},"2":{"start":{"line":29,"column":4},"end":{"line":29,"column":47}},"3":{"start":{"line":44,"column":15},"end":{"line":44,"column":25}},"4":{"start":{"line":46,"column":28},"end":{"line":46,"column":38}},"5":{"start":{"line":48,"column":4},"end":{"line":73,"column":6}},"6":{"start":{"line":51,"column":10},"end":{"line":51,"column":31}},"7":{"start":{"line":60,"column":10},"end":{"line":66,"column":11}},"8":{"start":{"line":62,"column":33},"end":{"line":62,"column":58}},"9":{"start":{"line":63,"column":12},"end":{"line":65,"column":15}},"10":{"start":{"line":67,"column":10},"end":{"line":69,"column":11}},"11":{"start":{"line":68,"column":12},"end":{"line":68,"column":26}},"12":{"start":{"line":77,"column":0},"end":{"line":84,"column":2}}},"fnMap":{"0":{"name":"(anonymous_0)","decl":{"start":{"line":23,"column":2},"end":{"line":23,"column":3}},"loc":{"start":{"line":23,"column":28},"end":{"line":30,"column":3}},"line":23},"1":{"name":"(anonymous_1)","decl":{"start":{"line":32,"column":2},"end":{"line":32,"column":3}},"loc":{"start":{"line":32,"column":11},"end":{"line":74,"column":3}},"line":32},"2":{"name":"(anonymous_2)","decl":{"start":{"line":50,"column":13},"end":{"line":50,"column":14}},"loc":{"start":{"line":50,"column":23},"end":{"line":52,"column":9}},"line":50},"3":{"name":"(anonymous_3)","decl":{"start":{"line":59,"column":16},"end":{"line":59,"column":17}},"loc":{"start":{"line":59,"column":25},"end":{"line":70,"column":9}},"line":59},"4":{"name":"(anonymous_4)","decl":{"start":{"line":83,"column":10},"end":{"line":83,"column":11}},"loc":{"start":{"line":83,"column":16},"end":{"line":83,"column":18}},"line":83}},"branchMap":{"0":{"loc":{"start":{"line":57,"column":16},"end":{"line":57,"column":56}},"type":"cond-expr","locations":[{"start":{"line":57,"column":36},"end":{"line":57,"column":47}},{"start":{"line":57,"column":50},"end":{"line":57,"column":56}}],"line":57},"1":{"loc":{"start":{"line":60,"column":10},"end":{"line":66,"column":11}},"type":"if","locations":[{"start":{"line":60,"column":10},"end":{"line":66,"column":11}},{"start":{"line":60,"column":10},"end":{"line":66,"column":11}}],"line":60},"2":{"loc":{"start":{"line":64,"column":30},"end":{"line":64,"column":71}},"type":"cond-expr","locations":[{"start":{"line":64,"column":41},"end":{"line":64,"column":67}},{"start":{"line":64,"column":70},"end":{"line":64,"column":71}}],"line":64},"3":{"loc":{"start":{"line":67,"column":10},"end":{"line":69,"column":11}},"type":"if","locations":[{"start":{"line":67,"column":10},"end":{"line":69,"column":11}},{"start":{"line":67,"column":10},"end":{"line":69,"column":11}}],"line":67}},"s":{"0":3,"1":3,"2":3,"3":4,"4":4,"5":4,"6":0,"7":1,"8":1,"9":1,"10":1,"11":1,"12":1},"f":{"0":3,"1":4,"2":0,"3":1,"4":0},"b":{"0":[3,1],"1":[1,0],"2":[1,0],"3":[1,0]},"_coverageSchema":"43e27e138ebf9cfc5966b082cf9a028302ed4184","hash":"38a08239def43859809aa3c96d6fdc1b12192e88"},"/D/Projects/xt-ecosystems/react/universal-r/app/components/atoms/Iframe/Iframe.style.js":{"path":"/D/Projects/xt-ecosystems/react/universal-r/app/components/atoms/Iframe/Iframe.style.js","statementMap":{},"fnMap":{},"branchMap":{},"s":{},"f":{},"b":{},"_coverageSchema":"43e27e138ebf9cfc5966b082cf9a028302ed4184","hash":"c7b1a9a49e11b6d64e12ace15604769cc685ce6d"},"/D/Projects/xt-ecosystems/react/universal-r/app/components/atoms/HeadTag/index.js":{"path":"/D/Projects/xt-ecosystems/react/universal-r/app/components/atoms/HeadTag/index.js","statementMap":{},"fnMap":{},"branchMap":{},"s":{},"f":{},"b":{},"_coverageSchema":"43e27e138ebf9cfc5966b082cf9a028302ed4184","hash":"3d84293fa9f3bf098faec3341d608c0ccf2961c7"},"/D/Projects/xt-ecosystems/react/universal-r/app/components/atoms/HeadTag/HeadTag.js":{"path":"/D/Projects/xt-ecosystems/react/universal-r/app/components/atoms/HeadTag/HeadTag.js","statementMap":{"0":{"start":{"line":9,"column":23},"end":{"line":22,"column":1}},"1":{"start":{"line":10,"column":16},"end":{"line":12,"column":3}},"2":{"start":{"line":16,"column":2},"end":{"line":18,"column":21}},"3":{"start":{"line":21,"column":2},"end":{"line":21,"column":29}},"4":{"start":{"line":26,"column":30},"end":{"line":26,"column":40}},"5":{"start":{"line":27,"column":32},"end":{"line":27,"column":38}},"6":{"start":{"line":28,"column":4},"end":{"line":65,"column":6}},"7":{"start":{"line":32,"column":26},"end":{"line":32,"column":90}},"8":{"start":{"line":33,"column":10},"end":{"line":35,"column":11}},"9":{"start":{"line":34,"column":12},"end":{"line":34,"column":24}},"10":{"start":{"line":36,"column":10},"end":{"line":47,"column":12}},"11":{"start":{"line":38,"column":14},"end":{"line":43,"column":16}},"12":{"start":{"line":50,"column":11},"end":{"line":52,"column":18}},"13":{"start":{"line":69,"column":0},"end":{"line":72,"column":2}},"14":{"start":{"line":74,"column":0},"end":{"line":74,"column":26}}},"fnMap":{"0":{"name":"(anonymous_0)","decl":{"start":{"line":9,"column":23},"end":{"line":9,"column":24}},"loc":{"start":{"line":9,"column":45},"end":{"line":22,"column":1}},"line":9},"1":{"name":"(anonymous_1)","decl":{"start":{"line":25,"column":2},"end":{"line":25,"column":3}},"loc":{"start":{"line":25,"column":11},"end":{"line":66,"column":3}},"line":25},"2":{"name":"(anonymous_2)","decl":{"start":{"line":31,"column":23},"end":{"line":31,"column":24}},"loc":{"start":{"line":31,"column":31},"end":{"line":48,"column":9}},"line":31},"3":{"name":"(anonymous_3)","decl":{"start":{"line":37,"column":28},"end":{"line":37,"column":29}},"loc":{"start":{"line":38,"column":14},"end":{"line":43,"column":16}},"line":38},"4":{"name":"(anonymous_4)","decl":{"start":{"line":49,"column":18},"end":{"line":49,"column":19}},"loc":{"start":{"line":50,"column":11},"end":{"line":52,"column":18}},"line":50}},"branchMap":{"0":{"loc":{"start":{"line":16,"column":8},"end":{"line":16,"column":67}},"type":"cond-expr","locations":[{"start":{"line":16,"column":48},"end":{"line":16,"column":58}},{"start":{"line":16,"column":61},"end":{"line":16,"column":67}}],"line":16},"1":{"loc":{"start":{"line":16,"column":8},"end":{"line":16,"column":45}},"type":"binary-expr","locations":[{"start":{"line":16,"column":8},"end":{"line":16,"column":20}},{"start":{"line":16,"column":24},"end":{"line":16,"column":45}}],"line":16},"2":{"loc":{"start":{"line":16,"column":71},"end":{"line":18,"column":20}},"type":"cond-expr","locations":[{"start":{"line":17,"column":6},"end":{"line":17,"column":41}},{"start":{"line":18,"column":6},"end":{"line":18,"column":20}}],"line":16},"3":{"loc":{"start":{"line":32,"column":26},"end":{"line":32,"column":90}},"type":"binary-expr","locations":[{"start":{"line":32,"column":26},"end":{"line":32,"column":59}},{"start":{"line":32,"column":63},"end":{"line":32,"column":90}}],"line":32},"4":{"loc":{"start":{"line":33,"column":10},"end":{"line":35,"column":11}},"type":"if","locations":[{"start":{"line":33,"column":10},"end":{"line":35,"column":11}},{"start":{"line":33,"column":10},"end":{"line":35,"column":11}}],"line":33},"5":{"loc":{"start":{"line":36,"column":17},"end":{"line":47,"column":11}},"type":"cond-expr","locations":[{"start":{"line":37,"column":12},"end":{"line":44,"column":14}},{"start":{"line":46,"column":12},"end":{"line":46,"column":77}}],"line":36},"6":{"loc":{"start":{"line":50,"column":11},"end":{"line":52,"column":18}},"type":"cond-expr","locations":[{"start":{"line":51,"column":12},"end":{"line":51,"column":70}},{"start":{"line":52,"column":14},"end":{"line":52,"column":18}}],"line":50},"7":{"loc":{"start":{"line":56,"column":9},"end":{"line":63,"column":16}},"type":"cond-expr","locations":[{"start":{"line":57,"column":10},"end":{"line":62,"column":12}},{"start":{"line":63,"column":12},"end":{"line":63,"column":16}}],"line":56}},"s":{"0":4,"1":1,"2":1,"3":1,"4":3,"5":3,"6":3,"7":27,"8":27,"9":17,"10":10,"11":14,"12":3,"13":4,"14":4},"f":{"0":1,"1":3,"2":27,"3":14,"4":3},"b":{"0":[0,1],"1":[1,1],"2":[1,0],"3":[27,26],"4":[17,10],"5":[8,2],"6":[0,3],"7":[0,3]},"_coverageSchema":"43e27e138ebf9cfc5966b082cf9a028302ed4184","hash":"aa98dbaa0023950180d1774410125d82f855c89e"},"/D/Projects/xt-ecosystems/react/universal-r/app/components/atoms/HeadTag/HeadTag.config.js":{"path":"/D/Projects/xt-ecosystems/react/universal-r/app/components/atoms/HeadTag/HeadTag.config.js","statementMap":{},"fnMap":{},"branchMap":{},"s":{},"f":{},"b":{},"_coverageSchema":"43e27e138ebf9cfc5966b082cf9a028302ed4184","hash":"59b676ab84bb9faa3822ef40990888672d29ed2f"},"/D/Projects/xt-ecosystems/react/universal-r/app/components/molecules/NavBar/index.js":{"path":"/D/Projects/xt-ecosystems/react/universal-r/app/components/molecules/NavBar/index.js","statementMap":{},"fnMap":{},"branchMap":{},"s":{},"f":{},"b":{},"_coverageSchema":"43e27e138ebf9cfc5966b082cf9a028302ed4184","hash":"b27111039e7097ac5578fe1862815142088bc1b7"},"/D/Projects/xt-ecosystems/react/universal-r/app/components/molecules/NavBar/NavBar.js":{"path":"/D/Projects/xt-ecosystems/react/universal-r/app/components/molecules/NavBar/NavBar.js","statementMap":{"0":{"start":{"line":13,"column":15},"end":{"line":34,"column":1}},"1":{"start":{"line":14,"column":2},"end":{"line":33,"column":8}},"2":{"start":{"line":19,"column":12},"end":{"line":29,"column":17}},"3":{"start":{"line":36,"column":0},"end":{"line":38,"column":2}}},"fnMap":{"0":{"name":"(anonymous_0)","decl":{"start":{"line":13,"column":15},"end":{"line":13,"column":16}},"loc":{"start":{"line":14,"column":2},"end":{"line":33,"column":8}},"line":14},"1":{"name":"(anonymous_1)","decl":{"start":{"line":18,"column":20},"end":{"line":18,"column":21}},"loc":{"start":{"line":19,"column":12},"end":{"line":29,"column":17}},"line":19}},"branchMap":{"0":{"loc":{"start":{"line":15,"column":5},"end":{"line":32,"column":5}},"type":"binary-expr","locations":[{"start":{"line":15,"column":5},"end":{"line":15,"column":13}},{"start":{"line":16,"column":6},"end":{"line":31,"column":11}}],"line":15},"1":{"loc":{"start":{"line":17,"column":9},"end":{"line":30,"column":12}},"type":"binary-expr","locations":[{"start":{"line":17,"column":9},"end":{"line":17,"column":29}},{"start":{"line":18,"column":10},"end":{"line":30,"column":12}}],"line":17},"2":{"loc":{"start":{"line":20,"column":15},"end":{"line":28,"column":15}},"type":"cond-expr","locations":[{"start":{"line":21,"column":16},"end":{"line":23,"column":23}},{"start":{"line":25,"column":16},"end":{"line":27,"column":25}}],"line":20}},"s":{"0":8,"1":4,"2":6,"3":8},"f":{"0":4,"1":6},"b":{"0":[4,3],"1":[3,3],"2":[6,0]},"_coverageSchema":"43e27e138ebf9cfc5966b082cf9a028302ed4184","hash":"219b1a74e6c5957830dee76f59bedf66746bf751"},"/D/Projects/xt-ecosystems/react/universal-r/app/components/molecules/NavBar/NavBar.style.js":{"path":"/D/Projects/xt-ecosystems/react/universal-r/app/components/molecules/NavBar/NavBar.style.js","statementMap":{"0":{"start":{"line":25,"column":4},"end":{"line":36,"column":5}}},"fnMap":{"0":{"name":"(anonymous_0)","decl":{"start":{"line":24,"column":4},"end":{"line":24,"column":5}},"loc":{"start":{"line":25,"column":4},"end":{"line":36,"column":5}},"line":25}},"branchMap":{"0":{"loc":{"start":{"line":25,"column":4},"end":{"line":36,"column":5}},"type":"binary-expr","locations":[{"start":{"line":25,"column":4},"end":{"line":25,"column":18}},{"start":{"line":26,"column":4},"end":{"line":36,"column":5}}],"line":25}},"s":{"0":2},"f":{"0":2},"b":{"0":[2,1]},"_coverageSchema":"43e27e138ebf9cfc5966b082cf9a028302ed4184","hash":"dbf2e0f830f24fd3fe9f230ea063cfa86d999540"},"/D/Projects/xt-ecosystems/react/universal-r/app/components/templates/HomePage/index.js":{"path":"/D/Projects/xt-ecosystems/react/universal-r/app/components/templates/HomePage/index.js","statementMap":{},"fnMap":{},"branchMap":{},"s":{},"f":{},"b":{},"_coverageSchema":"43e27e138ebf9cfc5966b082cf9a028302ed4184","hash":"53f6bd5ffea13619ece8263117359be50826fa67"},"/D/Projects/xt-ecosystems/react/universal-r/app/components/templates/HomePage/HomePage.js":{"path":"/D/Projects/xt-ecosystems/react/universal-r/app/components/templates/HomePage/HomePage.js","statementMap":{"0":{"start":{"line":10,"column":17},"end":{"line":144,"column":1}},"1":{"start":{"line":11,"column":30},"end":{"line":11,"column":43}},"2":{"start":{"line":12,"column":2},"end":{"line":143,"column":4}},"3":{"start":{"line":146,"column":0},"end":{"line":155,"column":2}}},"fnMap":{"0":{"name":"(anonymous_0)","decl":{"start":{"line":10,"column":17},"end":{"line":10,"column":18}},"loc":{"start":{"line":10,"column":53},"end":{"line":144,"column":1}},"line":10}},"branchMap":{},"s":{"0":2,"1":1,"2":1,"3":2},"f":{"0":1},"b":{},"_coverageSchema":"43e27e138ebf9cfc5966b082cf9a028302ed4184","hash":"58532facccd9ecea3f33b30fb7c20fc13e095cd4"},"/D/Projects/xt-ecosystems/react/universal-r/app/components/templates/Layout/index.js":{"path":"/D/Projects/xt-ecosystems/react/universal-r/app/components/templates/Layout/index.js","statementMap":{},"fnMap":{},"branchMap":{},"s":{},"f":{},"b":{},"_coverageSchema":"43e27e138ebf9cfc5966b082cf9a028302ed4184","hash":"5a6f6e2f382dca439952b26cd37889b52e1ba632"},"/D/Projects/xt-ecosystems/react/universal-r/app/components/templates/Layout/Layout.js":{"path":"/D/Projects/xt-ecosystems/react/universal-r/app/components/templates/Layout/Layout.js","statementMap":{"0":{"start":{"line":19,"column":15},"end":{"line":45,"column":1}},"1":{"start":{"line":21,"column":2},"end":{"line":21,"column":43}},"2":{"start":{"line":26,"column":2},"end":{"line":26,"column":40}},"3":{"start":{"line":27,"column":2},"end":{"line":27,"column":32}},"4":{"start":{"line":29,"column":2},"end":{"line":44,"column":4}},"5":{"start":{"line":47,"column":0},"end":{"line":49,"column":2}}},"fnMap":{"0":{"name":"(anonymous_0)","decl":{"start":{"line":19,"column":15},"end":{"line":19,"column":16}},"loc":{"start":{"line":19,"column":74},"end":{"line":45,"column":1}},"line":19}},"branchMap":{"0":{"loc":{"start":{"line":21,"column":21},"end":{"line":21,"column":42}},"type":"binary-expr","locations":[{"start":{"line":21,"column":21},"end":{"line":21,"column":31}},{"start":{"line":21,"column":35},"end":{"line":21,"column":42}}],"line":21}},"s":{"0":4,"1":0,"2":0,"3":0,"4":0,"5":4},"f":{"0":0},"b":{"0":[0,0]},"_coverageSchema":"43e27e138ebf9cfc5966b082cf9a028302ed4184","hash":"261cd0c6ec0c89a6e27b2e713400633b96b8e20f"},"/D/Projects/xt-ecosystems/react/universal-r/app/components/organisms/Header/index.js":{"path":"/D/Projects/xt-ecosystems/react/universal-r/app/components/organisms/Header/index.js","statementMap":{},"fnMap":{},"branchMap":{},"s":{},"f":{},"b":{},"_coverageSchema":"43e27e138ebf9cfc5966b082cf9a028302ed4184","hash":"7a3d4f85aeac07749b92976921e8a4e516335843"},"/D/Projects/xt-ecosystems/react/universal-r/app/components/organisms/Header/Header.js":{"path":"/D/Projects/xt-ecosystems/react/universal-r/app/components/organisms/Header/Header.js","statementMap":{"0":{"start":{"line":11,"column":15},"end":{"line":22,"column":1}},"1":{"start":{"line":12,"column":2},"end":{"line":21,"column":8}},"2":{"start":{"line":24,"column":0},"end":{"line":24,"column":25}}},"fnMap":{"0":{"name":"(anonymous_0)","decl":{"start":{"line":11,"column":15},"end":{"line":11,"column":16}},"loc":{"start":{"line":12,"column":2},"end":{"line":21,"column":8}},"line":12}},"branchMap":{"0":{"loc":{"start":{"line":19,"column":7},"end":{"line":19,"column":36}},"type":"binary-expr","locations":[{"start":{"line":19,"column":7},"end":{"line":19,"column":10}},{"start":{"line":19,"column":14},"end":{"line":19,"column":36}}],"line":19}},"s":{"0":5,"1":0,"2":5},"f":{"0":0},"b":{"0":[0,0]},"_coverageSchema":"43e27e138ebf9cfc5966b082cf9a028302ed4184","hash":"956a4c898a8e9df40cf234c05d28bb4709883fc9"},"/D/Projects/xt-ecosystems/react/universal-r/app/components/organisms/Footer/index.js":{"path":"/D/Projects/xt-ecosystems/react/universal-r/app/components/organisms/Footer/index.js","statementMap":{},"fnMap":{},"branchMap":{},"s":{},"f":{},"b":{},"_coverageSchema":"43e27e138ebf9cfc5966b082cf9a028302ed4184","hash":"e89ec3eb86b64ff1b0b151a39f03aa88cab69325"},"/D/Projects/xt-ecosystems/react/universal-r/app/components/organisms/Footer/Footer.js":{"path":"/D/Projects/xt-ecosystems/react/universal-r/app/components/organisms/Footer/Footer.js","statementMap":{"0":{"start":{"line":14,"column":15},"end":{"line":27,"column":1}},"1":{"start":{"line":15,"column":2},"end":{"line":26,"column":11}},"2":{"start":{"line":29,"column":0},"end":{"line":29,"column":25}}},"fnMap":{"0":{"name":"(anonymous_0)","decl":{"start":{"line":14,"column":15},"end":{"line":14,"column":16}},"loc":{"start":{"line":15,"column":2},"end":{"line":26,"column":11}},"line":15}},"branchMap":{"0":{"loc":{"start":{"line":19,"column":9},"end":{"line":19,"column":47}},"type":"binary-expr","locations":[{"start":{"line":19,"column":9},"end":{"line":19,"column":12}},{"start":{"line":19,"column":16},"end":{"line":19,"column":47}}],"line":19}},"s":{"0":5,"1":0,"2":5},"f":{"0":0},"b":{"0":[0,0]},"_coverageSchema":"43e27e138ebf9cfc5966b082cf9a028302ed4184","hash":"90d80a64f03e3c5db9ca3d985816d9c67519f611"},"/D/Projects/xt-ecosystems/react/universal-r/app/components/organisms/Footer/Footer.style.js":{"path":"/D/Projects/xt-ecosystems/react/universal-r/app/components/organisms/Footer/Footer.style.js","statementMap":{"0":{"start":{"line":5,"column":21},"end":{"line":11,"column":1}}},"fnMap":{},"branchMap":{},"s":{"0":5},"f":{},"b":{},"_coverageSchema":"43e27e138ebf9cfc5966b082cf9a028302ed4184","hash":"f8fd09ee445952da139a94b67359525b87187437"},"/D/Projects/xt-ecosystems/react/universal-r/app/components/molecules/TopBanner/index.js":{"path":"/D/Projects/xt-ecosystems/react/universal-r/app/components/molecules/TopBanner/index.js","statementMap":{},"fnMap":{},"branchMap":{},"s":{},"f":{},"b":{},"_coverageSchema":"43e27e138ebf9cfc5966b082cf9a028302ed4184","hash":"04110089266202b50b470705a039372f3d26fffd"},"/D/Projects/xt-ecosystems/react/universal-r/app/components/molecules/TopBanner/TopBanner.js":{"path":"/D/Projects/xt-ecosystems/react/universal-r/app/components/molecules/TopBanner/TopBanner.js","statementMap":{"0":{"start":{"line":15,"column":43},"end":{"line":15,"column":53}},"1":{"start":{"line":16,"column":4},"end":{"line":23,"column":6}},"2":{"start":{"line":27,"column":0},"end":{"line":27,"column":28}}},"fnMap":{"0":{"name":"(anonymous_0)","decl":{"start":{"line":14,"column":2},"end":{"line":14,"column":3}},"loc":{"start":{"line":14,"column":11},"end":{"line":24,"column":3}},"line":14}},"branchMap":{"0":{"loc":{"start":{"line":20,"column":11},"end":{"line":20,"column":40}},"type":"binary-expr","locations":[{"start":{"line":20,"column":11},"end":{"line":20,"column":19}},{"start":{"line":20,"column":23},"end":{"line":20,"column":40}}],"line":20}},"s":{"0":3,"1":3,"2":3},"f":{"0":3},"b":{"0":[3,2]},"_coverageSchema":"43e27e138ebf9cfc5966b082cf9a028302ed4184","hash":"99674e11855c2f9faf452ec3edc9d110b3448dd8"},"/D/Projects/xt-ecosystems/react/universal-r/app/components/molecules/TopBanner/TopBanner.style.js":{"path":"/D/Projects/xt-ecosystems/react/universal-r/app/components/molecules/TopBanner/TopBanner.style.js","statementMap":{},"fnMap":{},"branchMap":{},"s":{},"f":{},"b":{},"_coverageSchema":"43e27e138ebf9cfc5966b082cf9a028302ed4184","hash":"92d8e385147f615b5ff5f56fcc66e2700590e8d3"},"/D/Projects/xt-ecosystems/react/universal-r/app/components/templates/ErrorPage/ErrorPage.js":{"path":"/D/Projects/xt-ecosystems/react/universal-r/app/components/templates/ErrorPage/ErrorPage.js","statementMap":{"0":{"start":{"line":9,"column":4},"end":{"line":11,"column":5}},"1":{"start":{"line":10,"column":6},"end":{"line":10,"column":22}},"2":{"start":{"line":12,"column":4},"end":{"line":12,"column":14}},"3":{"start":{"line":16,"column":26},"end":{"line":16,"column":36}},"4":{"start":{"line":17,"column":25},"end":{"line":17,"column":42}},"5":{"start":{"line":18,"column":4},"end":{"line":25,"column":6}}},"fnMap":{"0":{"name":"(anonymous_0)","decl":{"start":{"line":8,"column":2},"end":{"line":8,"column":3}},"loc":{"start":{"line":8,"column":39},"end":{"line":13,"column":3}},"line":8},"1":{"name":"(anonymous_1)","decl":{"start":{"line":15,"column":2},"end":{"line":15,"column":3}},"loc":{"start":{"line":15,"column":11},"end":{"line":26,"column":3}},"line":15}},"branchMap":{"0":{"loc":{"start":{"line":9,"column":4},"end":{"line":11,"column":5}},"type":"if","locations":[{"start":{"line":9,"column":4},"end":{"line":11,"column":5}},{"start":{"line":9,"column":4},"end":{"line":11,"column":5}}],"line":9},"1":{"loc":{"start":{"line":9,"column":8},"end":{"line":9,"column":27}},"type":"binary-expr","locations":[{"start":{"line":9,"column":8},"end":{"line":9,"column":11}},{"start":{"line":9,"column":15},"end":{"line":9,"column":27}}],"line":9}},"s":{"0":0,"1":0,"2":0,"3":1,"4":1,"5":1},"f":{"0":0,"1":1},"b":{"0":[0,0],"1":[0,0]},"_coverageSchema":"43e27e138ebf9cfc5966b082cf9a028302ed4184","hash":"37e20b7ca79d190fe1012781fbec9ef7c728a764"},"/D/Projects/xt-ecosystems/react/universal-r/app/components/atoms/Spinner/index.js":{"path":"/D/Projects/xt-ecosystems/react/universal-r/app/components/atoms/Spinner/index.js","statementMap":{},"fnMap":{},"branchMap":{},"s":{},"f":{},"b":{},"_coverageSchema":"43e27e138ebf9cfc5966b082cf9a028302ed4184","hash":"c2581fc7df5dfda3ce39a9e077071c8c47f644d6"},"/D/Projects/xt-ecosystems/react/universal-r/app/components/atoms/Spinner/Spinner.js":{"path":"/D/Projects/xt-ecosystems/react/universal-r/app/components/atoms/Spinner/Spinner.js","statementMap":{"0":{"start":{"line":20,"column":16},"end":{"line":50,"column":1}},"1":{"start":{"line":21,"column":31},"end":{"line":23,"column":3}},"2":{"start":{"line":22,"column":4},"end":{"line":22,"column":53}},"3":{"start":{"line":25,"column":30},"end":{"line":31,"column":3}},"4":{"start":{"line":26,"column":4},"end":{"line":30,"column":10}},"5":{"start":{"line":33,"column":24},"end":{"line":34,"column":57}},"6":{"start":{"line":34,"column":4},"end":{"line":34,"column":57}},"7":{"start":{"line":36,"column":27},"end":{"line":37,"column":56}},"8":{"start":{"line":37,"column":4},"end":{"line":37,"column":56}},"9":{"start":{"line":39,"column":78},"end":{"line":39,"column":83}},"10":{"start":{"line":40,"column":2},"end":{"line":48,"column":3}},"11":{"start":{"line":41,"column":4},"end":{"line":47,"column":6}},"12":{"start":{"line":49,"column":2},"end":{"line":49,"column":12}},"13":{"start":{"line":52,"column":0},"end":{"line":57,"column":2}}},"fnMap":{"0":{"name":"(anonymous_0)","decl":{"start":{"line":20,"column":16},"end":{"line":20,"column":17}},"loc":{"start":{"line":20,"column":40},"end":{"line":50,"column":1}},"line":20},"1":{"name":"(anonymous_1)","decl":{"start":{"line":21,"column":31},"end":{"line":21,"column":32}},"loc":{"start":{"line":22,"column":4},"end":{"line":22,"column":53}},"line":22},"2":{"name":"(anonymous_2)","decl":{"start":{"line":25,"column":30},"end":{"line":25,"column":31}},"loc":{"start":{"line":26,"column":4},"end":{"line":30,"column":10}},"line":26},"3":{"name":"(anonymous_3)","decl":{"start":{"line":33,"column":24},"end":{"line":33,"column":25}},"loc":{"start":{"line":34,"column":4},"end":{"line":34,"column":57}},"line":34},"4":{"name":"(anonymous_4)","decl":{"start":{"line":36,"column":27},"end":{"line":36,"column":28}},"loc":{"start":{"line":37,"column":4},"end":{"line":37,"column":56}},"line":37}},"branchMap":{"0":{"loc":{"start":{"line":40,"column":2},"end":{"line":48,"column":3}},"type":"if","locations":[{"start":{"line":40,"column":2},"end":{"line":48,"column":3}},{"start":{"line":40,"column":2},"end":{"line":48,"column":3}}],"line":40},"1":{"loc":{"start":{"line":43,"column":9},"end":{"line":45,"column":61}},"type":"cond-expr","locations":[{"start":{"line":44,"column":12},"end":{"line":44,"column":58}},{"start":{"line":45,"column":12},"end":{"line":45,"column":61}}],"line":43}},"s":{"0":2,"1":6,"2":1,"3":6,"4":1,"5":6,"6":1,"7":6,"8":1,"9":6,"10":6,"11":2,"12":4,"13":2},"f":{"0":6,"1":1,"2":1,"3":1,"4":1},"b":{"0":[2,4],"1":[1,1]},"_coverageSchema":"43e27e138ebf9cfc5966b082cf9a028302ed4184","hash":"43a646ee1307286690637047ae81ddd3f26fba1f"},"/D/Projects/xt-ecosystems/react/universal-r/app/components/atoms/Spinner/Spinner.style.js":{"path":"/D/Projects/xt-ecosystems/react/universal-r/app/components/atoms/Spinner/Spinner.style.js","statementMap":{"0":{"start":{"line":49,"column":24},"end":{"line":49,"column":50}},"1":{"start":{"line":78,"column":33},"end":{"line":78,"column":57}}},"fnMap":{"0":{"name":"(anonymous_0)","decl":{"start":{"line":49,"column":15},"end":{"line":49,"column":16}},"loc":{"start":{"line":49,"column":24},"end":{"line":49,"column":50}},"line":49},"1":{"name":"(anonymous_1)","decl":{"start":{"line":78,"column":24},"end":{"line":78,"column":25}},"loc":{"start":{"line":78,"column":33},"end":{"line":78,"column":57}},"line":78}},"branchMap":{},"s":{"0":1,"1":1},"f":{"0":1,"1":1},"b":{},"_coverageSchema":"43e27e138ebf9cfc5966b082cf9a028302ed4184","hash":"1501cf0db335bc508798663463388767927ddf84"},"/D/Projects/xt-ecosystems/react/universal-r/app/components/atoms/Title/Title.js":{"path":"/D/Projects/xt-ecosystems/react/universal-r/app/components/atoms/Title/Title.js","statementMap":{"0":{"start":{"line":13,"column":14},"end":{"line":17,"column":1}},"1":{"start":{"line":14,"column":2},"end":{"line":16,"column":7}},"2":{"start":{"line":19,"column":0},"end":{"line":21,"column":2}}},"fnMap":{"0":{"name":"(anonymous_0)","decl":{"start":{"line":13,"column":14},"end":{"line":13,"column":15}},"loc":{"start":{"line":14,"column":2},"end":{"line":16,"column":7}},"line":14}},"branchMap":{},"s":{"0":1,"1":2,"2":1},"f":{"0":2},"b":{},"_coverageSchema":"43e27e138ebf9cfc5966b082cf9a028302ed4184","hash":"86efb06382898bfa9dbc3a2f03ae103b747800e7"},"/D/Projects/xt-ecosystems/react/universal-r/app/components/atoms/Title/Title.style.js":{"path":"/D/Projects/xt-ecosystems/react/universal-r/app/components/atoms/Title/Title.style.js","statementMap":{},"fnMap":{},"branchMap":{},"s":{},"f":{},"b":{},"_coverageSchema":"43e27e138ebf9cfc5966b082cf9a028302ed4184","hash":"cfc5d5b8d937e55756784a8f9d42efbbf3dc4990"},"/D/Projects/xt-ecosystems/react/universal-r/app/components/atoms/ProgressCircle/ProgressCircle.js":{"path":"/D/Projects/xt-ecosystems/react/universal-r/app/components/atoms/ProgressCircle/ProgressCircle.js","statementMap":{"0":{"start":{"line":17,"column":21},"end":{"line":71,"column":1}},"1":{"start":{"line":29,"column":27},"end":{"line":29,"column":57}},"2":{"start":{"line":30,"column":24},"end":{"line":30,"column":54}},"3":{"start":{"line":31,"column":27},"end":{"line":31,"column":75}},"4":{"start":{"line":33,"column":2},"end":{"line":70,"column":4}}},"fnMap":{"0":{"name":"(anonymous_0)","decl":{"start":{"line":17,"column":21},"end":{"line":17,"column":22}},"loc":{"start":{"line":27,"column":13},"end":{"line":71,"column":1}},"line":27}},"branchMap":{"0":{"loc":{"start":{"line":67,"column":9},"end":{"line":67,"column":30}},"type":"binary-expr","locations":[{"start":{"line":67,"column":9},"end":{"line":67,"column":18}},{"start":{"line":67,"column":22},"end":{"line":67,"column":30}}],"line":67}},"s":{"0":2,"1":1,"2":1,"3":1,"4":1},"f":{"0":1},"b":{"0":[1,1]},"_coverageSchema":"43e27e138ebf9cfc5966b082cf9a028302ed4184","hash":"8538ea1ffb55a5da5fd1cf25af40397f7a07fac7"},"/D/Projects/xt-ecosystems/react/universal-r/app/components/atoms/ProgressCircle/ProgressCircle.style.js":{"path":"/D/Projects/xt-ecosystems/react/universal-r/app/components/atoms/ProgressCircle/ProgressCircle.style.js","statementMap":{},"fnMap":{},"branchMap":{},"s":{},"f":{},"b":{},"_coverageSchema":"43e27e138ebf9cfc5966b082cf9a028302ed4184","hash":"403dca613e1a489f78b629deef36d759efc83449"},"/D/Projects/xt-ecosystems/react/universal-r/app/components/templates/Layout/Layout.style.js":{"path":"/D/Projects/xt-ecosystems/react/universal-r/app/components/templates/Layout/Layout.style.js","statementMap":{"0":{"start":{"line":5,"column":21},"end":{"line":5,"column":67}},"1":{"start":{"line":6,"column":23},"end":{"line":6,"column":69}},"2":{"start":{"line":8,"column":22},"end":{"line":8,"column":69}},"3":{"start":{"line":10,"column":4},"end":{"line":10,"column":80}},"4":{"start":{"line":12,"column":4},"end":{"line":12,"column":86}},"5":{"start":{"line":15,"column":29},"end":{"line":15,"column":67}},"6":{"start":{"line":19,"column":16},"end":{"line":19,"column":90}},"7":{"start":{"line":21,"column":6},"end":{"line":23,"column":12}},"8":{"start":{"line":27,"column":4},"end":{"line":27,"column":87}},"9":{"start":{"line":29,"column":40},"end":{"line":34,"column":1}}},"fnMap":{"0":{"name":"(anonymous_0)","decl":{"start":{"line":5,"column":11},"end":{"line":5,"column":12}},"loc":{"start":{"line":5,"column":21},"end":{"line":5,"column":67}},"line":5},"1":{"name":"(anonymous_1)","decl":{"start":{"line":6,"column":13},"end":{"line":6,"column":14}},"loc":{"start":{"line":6,"column":23},"end":{"line":6,"column":69}},"line":6},"2":{"name":"(anonymous_2)","decl":{"start":{"line":8,"column":12},"end":{"line":8,"column":13}},"loc":{"start":{"line":8,"column":22},"end":{"line":8,"column":69}},"line":8},"3":{"name":"(anonymous_3)","decl":{"start":{"line":9,"column":15},"end":{"line":9,"column":16}},"loc":{"start":{"line":10,"column":4},"end":{"line":10,"column":80}},"line":10},"4":{"name":"(anonymous_4)","decl":{"start":{"line":11,"column":14},"end":{"line":11,"column":15}},"loc":{"start":{"line":12,"column":4},"end":{"line":12,"column":86}},"line":12},"5":{"name":"(anonymous_5)","decl":{"start":{"line":15,"column":19},"end":{"line":15,"column":20}},"loc":{"start":{"line":15,"column":29},"end":{"line":15,"column":67}},"line":15},"6":{"name":"(anonymous_6)","decl":{"start":{"line":19,"column":6},"end":{"line":19,"column":7}},"loc":{"start":{"line":19,"column":16},"end":{"line":19,"column":90}},"line":19},"7":{"name":"(anonymous_7)","decl":{"start":{"line":20,"column":6},"end":{"line":20,"column":7}},"loc":{"start":{"line":21,"column":6},"end":{"line":23,"column":12}},"line":21},"8":{"name":"(anonymous_8)","decl":{"start":{"line":26,"column":16},"end":{"line":26,"column":17}},"loc":{"start":{"line":27,"column":4},"end":{"line":27,"column":87}},"line":27}},"branchMap":{"0":{"loc":{"start":{"line":5,"column":21},"end":{"line":5,"column":67}},"type":"cond-expr","locations":[{"start":{"line":5,"column":51},"end":{"line":5,"column":57}},{"start":{"line":5,"column":60},"end":{"line":5,"column":67}}],"line":5},"1":{"loc":{"start":{"line":6,"column":23},"end":{"line":6,"column":69}},"type":"cond-expr","locations":[{"start":{"line":6,"column":53},"end":{"line":6,"column":56}},{"start":{"line":6,"column":59},"end":{"line":6,"column":69}}],"line":6},"2":{"loc":{"start":{"line":8,"column":22},"end":{"line":8,"column":69}},"type":"cond-expr","locations":[{"start":{"line":8,"column":53},"end":{"line":8,"column":60}},{"start":{"line":8,"column":63},"end":{"line":8,"column":69}}],"line":8},"3":{"loc":{"start":{"line":10,"column":4},"end":{"line":10,"column":80}},"type":"cond-expr","locations":[{"start":{"line":10,"column":35},"end":{"line":10,"column":71}},{"start":{"line":10,"column":74},"end":{"line":10,"column":80}}],"line":10},"4":{"loc":{"start":{"line":12,"column":4},"end":{"line":12,"column":86}},"type":"cond-expr","locations":[{"start":{"line":12,"column":66},"end":{"line":12,"column":73}},{"start":{"line":12,"column":76},"end":{"line":12,"column":86}}],"line":12},"5":{"loc":{"start":{"line":12,"column":4},"end":{"line":12,"column":63}},"type":"binary-expr","locations":[{"start":{"line":12,"column":4},"end":{"line":12,"column":31}},{"start":{"line":12,"column":35},"end":{"line":12,"column":63}}],"line":12},"6":{"loc":{"start":{"line":15,"column":29},"end":{"line":15,"column":67}},"type":"cond-expr","locations":[{"start":{"line":15,"column":52},"end":{"line":15,"column":58}},{"start":{"line":15,"column":61},"end":{"line":15,"column":67}}],"line":15},"7":{"loc":{"start":{"line":19,"column":16},"end":{"line":19,"column":90}},"type":"cond-expr","locations":[{"start":{"line":19,"column":66},"end":{"line":19,"column":85}},{"start":{"line":19,"column":88},"end":{"line":19,"column":90}}],"line":19},"8":{"loc":{"start":{"line":19,"column":16},"end":{"line":19,"column":63}},"type":"binary-expr","locations":[{"start":{"line":19,"column":16},"end":{"line":19,"column":44}},{"start":{"line":19,"column":48},"end":{"line":19,"column":63}}],"line":19},"9":{"loc":{"start":{"line":21,"column":6},"end":{"line":23,"column":12}},"type":"cond-expr","locations":[{"start":{"line":22,"column":10},"end":{"line":22,"column":46}},{"start":{"line":23,"column":10},"end":{"line":23,"column":12}}],"line":21},"10":{"loc":{"start":{"line":21,"column":6},"end":{"line":21,"column":77}},"type":"binary-expr","locations":[{"start":{"line":21,"column":6},"end":{"line":21,"column":26}},{"start":{"line":21,"column":30},"end":{"line":21,"column":58}},{"start":{"line":21,"column":62},"end":{"line":21,"column":77}}],"line":21},"11":{"loc":{"start":{"line":27,"column":4},"end":{"line":27,"column":87}},"type":"cond-expr","locations":[{"start":{"line":27,"column":67},"end":{"line":27,"column":75}},{"start":{"line":27,"column":78},"end":{"line":27,"column":87}}],"line":27},"12":{"loc":{"start":{"line":27,"column":4},"end":{"line":27,"column":64}},"type":"binary-expr","locations":[{"start":{"line":27,"column":4},"end":{"line":27,"column":31}},{"start":{"line":27,"column":35},"end":{"line":27,"column":64}}],"line":27}},"s":{"0":0,"1":0,"2":0,"3":0,"4":0,"5":0,"6":0,"7":0,"8":0,"9":1},"f":{"0":0,"1":0,"2":0,"3":0,"4":0,"5":0,"6":0,"7":0,"8":0},"b":{"0":[0,0],"1":[0,0],"2":[0,0],"3":[0,0],"4":[0,0],"5":[0,0],"6":[0,0],"7":[0,0],"8":[0,0],"9":[0,0],"10":[0,0,0],"11":[0,0],"12":[0,0]},"_coverageSchema":"43e27e138ebf9cfc5966b082cf9a028302ed4184","hash":"eae6ae380a33d74616269aa4ff851c45123ae4b6"},"/D/Projects/xt-ecosystems/react/universal-r/app/components/atoms/HeadTag/types/index.js":{"path":"/D/Projects/xt-ecosystems/react/universal-r/app/components/atoms/HeadTag/types/index.js","statementMap":{},"fnMap":{},"branchMap":{},"s":{},"f":{},"b":{},"hash":"2ba6be0d39cf56d556c8e7fef5906d1c486e0971"},"/D/Projects/xt-ecosystems/react/universal-r/app/components/molecules/TopBanner/types/index.js":{"path":"/D/Projects/xt-ecosystems/react/universal-r/app/components/molecules/TopBanner/types/index.js","statementMap":{},"fnMap":{},"branchMap":{},"s":{},"f":{},"b":{},"hash":"128731267660ba7ec549f78b6a2d941fd9db317c"},"/D/Projects/xt-ecosystems/react/universal-r/app/components/templates/HomePage/types/index.js":{"path":"/D/Projects/xt-ecosystems/react/universal-r/app/components/templates/HomePage/types/index.js","statementMap":{},"fnMap":{},"branchMap":{},"s":{},"f":{},"b":{},"hash":"348ca9e08ed4de696d1fe7f157a1fe935aeb5147"},"/D/Projects/xt-ecosystems/react/universal-r/app/components/atoms/ProgressCircle/index.js":{"path":"/D/Projects/xt-ecosystems/react/universal-r/app/components/atoms/ProgressCircle/index.js","statementMap":{},"fnMap":{},"branchMap":{},"s":{},"f":{},"b":{},"hash":"93a82fe2bfeef62d3b84ed7ce7ece46ba0a79728"},"/D/Projects/xt-ecosystems/react/universal-r/app/components/atoms/Iframe/index.js":{"path":"/D/Projects/xt-ecosystems/react/universal-r/app/components/atoms/Iframe/index.js","statementMap":{},"fnMap":{},"branchMap":{},"s":{},"f":{},"b":{},"hash":"11c7f39e0fd00ed4bca358da1477cc8d587e81bf"},"/D/Projects/xt-ecosystems/react/universal-r/app/components/molecules/NavBar/types/index.js":{"path":"/D/Projects/xt-ecosystems/react/universal-r/app/components/molecules/NavBar/types/index.js","statementMap":{},"fnMap":{},"branchMap":{},"s":{},"f":{},"b":{},"hash":"873cba86422f6755e1970b782c26abbeaa837e59"},"/D/Projects/xt-ecosystems/react/universal-r/app/components/atoms/Title/index.js":{"path":"/D/Projects/xt-ecosystems/react/universal-r/app/components/atoms/Title/index.js","statementMap":{},"fnMap":{},"branchMap":{},"s":{},"f":{},"b":{},"hash":"7d73a99c5ef73a4abea4f9e751a4dbbe1b108b5c"},"/D/Projects/xt-ecosystems/react/universal-r/app/components/organisms/Header/types/index.js":{"path":"/D/Projects/xt-ecosystems/react/universal-r/app/components/organisms/Header/types/index.js","statementMap":{},"fnMap":{},"branchMap":{},"s":{},"f":{},"b":{},"hash":"ab16e0181296918931ef331d98dbcbcf6122a9d0"},"/D/Projects/xt-ecosystems/react/universal-r/app/components/organisms/Footer/types/index.js":{"path":"/D/Projects/xt-ecosystems/react/universal-r/app/components/organisms/Footer/types/index.js","statementMap":{},"fnMap":{},"branchMap":{},"s":{},"f":{},"b":{},"hash":"35f0cb2c44a78161976d662550ccb705596f98ea"},"/D/Projects/xt-ecosystems/react/universal-r/app/components/templates/ErrorPage/index.js":{"path":"/D/Projects/xt-ecosystems/react/universal-r/app/components/templates/ErrorPage/index.js","statementMap":{},"fnMap":{},"branchMap":{},"s":{},"f":{},"b":{},"hash":"f2ebe56cf55381c52411edfee8282f084ba23889"},"/D/Projects/xt-ecosystems/react/universal-r/app/components/organisms/Header/Header.style.js":{"path":"/D/Projects/xt-ecosystems/react/universal-r/app/components/organisms/Header/Header.style.js","statementMap":{"0":{"start":{"line":5,"column":21},"end":{"line":7,"column":1}}},"fnMap":{},"branchMap":{},"s":{"0":0},"f":{},"b":{},"hash":"0137981a98770305342b242adc07e4f93fed8217"}}}